This is XeTeX, Version 3.14159265-2.6-0.99991 (TeX Live 2014) (preloaded format=xelatex 2014.11.29)  29 APR 2015 15:43
entering extended mode
 restricted \write18 enabled.
 %&-line parsing enabled.
**åŒºé—´ä¸Šçš„é—®é¢˜.tex
(./åŒºé—´ä¸Šçš„é—®é¢˜.tex
LaTeX2e <2014/05/01>
Babel <3.9l> and hyphenation patterns for 79 languages loaded.
! Undefined control sequence.
l.1 \subsection
               {åŒºé—´ä¸Šçš„é—®é¢˜}
The control sequence at the end of the top line
of your error message was never \def'ed. If you have
misspelled it (e.g., `\hobx'), type `I' and the correct
spelling (e.g., `I\hbox'). Otherwise just continue,
and I'll forget about whatever was undefined.


! LaTeX Error: Missing \begin{document}.

See the LaTeX manual or LaTeX Companion for explanation.
Type  H <return>  for immediate help.
 ...                                              
                                                  
l.1 \subsection{åŒº
                   é—´ä¸Šçš„é—®é¢˜}
You're in trouble here.  Try typing  <return>  to proceed.
If that doesn't work, type  X <return>  to quit.

Missing character: There is no åŒº in font nullfont!
Missing character: There is no é—´ in font nullfont!
Missing character: There is no ä¸Š in font nullfont!
Missing character: There is no çš„ in font nullfont!
Missing character: There is no é—® in font nullfont!
Missing character: There is no é¢˜ in font nullfont!

Overfull \hbox (20.0pt too wide) in paragraph at lines 1--2
[] 
 []

! Undefined control sequence.
l.3 \subsubsection
                  {é€‰æ‹©ä¸ç›¸äº¤åŒºé—´}
The control sequence at the end of the top line
of your error message was never \def'ed. If you have
misspelled it (e.g., `\hobx'), type `I' and the correct
spelling (e.g., `I\hbox'). Otherwise just continue,
and I'll forget about whatever was undefined.


! LaTeX Error: Missing \begin{document}.

See the LaTeX manual or LaTeX Companion for explanation.
Type  H <return>  for immediate help.
 ...                                              
                                                  
l.3 \subsubsection{é€‰
                      æ‹©ä¸ç›¸äº¤åŒºé—´}
You're in trouble here.  Try typing  <return>  to proceed.
If that doesn't work, type  X <return>  to quit.

Missing character: There is no é€‰ in font nullfont!
Missing character: There is no æ‹© in font nullfont!
Missing character: There is no ä¸ in font nullfont!
Missing character: There is no ç›¸ in font nullfont!
Missing character: There is no äº¤ in font nullfont!
Missing character: There is no åŒº in font nullfont!
Missing character: There is no é—´ in font nullfont!
Missing character: There is no ã€ in font nullfont!
Missing character: There is no é—® in font nullfont!
Missing character: There is no é¢˜ in font nullfont!
Missing character: There is no ã€‘ in font nullfont!
Missing character: There is no æ•° in font nullfont!
Missing character: There is no è½´ in font nullfont!
Missing character: There is no ä¸Š in font nullfont!
Missing character: There is no æœ‰ in font nullfont!
LaTeX Font Info:    External font `cmex10' loaded for size
(Font)              <7> on input line 4.
LaTeX Font Info:    External font `cmex10' loaded for size
(Font)              <5> on input line 4.
Missing character: There is no ä¸ª in font nullfont!
Missing character: There is no å¼€ in font nullfont!
Missing character: There is no åŒº in font nullfont!
Missing character: There is no é—´ in font nullfont!
Missing character: There is no ã€‚ in font nullfont!
Missing character: There is no é€‰ in font nullfont!
Missing character: There is no æ‹© in font nullfont!
Missing character: There is no å°½ in font nullfont!
Missing character: There is no é‡ in font nullfont!
Missing character: There is no å¤š in font nullfont!
Missing character: There is no çš„ in font nullfont!
Missing character: There is no åŒº in font nullfont!
Missing character: There is no é—´ in font nullfont!
Missing character: There is no ï¼Œ in font nullfont!
Missing character: There is no ä½¿ in font nullfont!
Missing character: There is no è¿™ in font nullfont!
Missing character: There is no äº› in font nullfont!
Missing character: There is no åŒº in font nullfont!
Missing character: There is no é—´ in font nullfont!
Missing character: There is no ä¸¤ in font nullfont!
Missing character: There is no ä¸¤ in font nullfont!
Missing character: There is no æ²¡ in font nullfont!
Missing character: There is no æœ‰ in font nullfont!
Missing character: There is no å…¬ in font nullfont!
Missing character: There is no å…± in font nullfont!
Missing character: There is no ç‚¹ in font nullfont!
Missing character: There is no ã€‚ in font nullfont!

Overfull \hbox (20.0pt too wide) in paragraph at lines 3--5
[]
 []


Overfull \hbox (6.00235pt too wide) in paragraph at lines 3--5
\OML/cmm/m/it/10 n$
 []


Overfull \hbox (28.45833pt too wide) in paragraph at lines 3--5
\OT1/cmr/m/n/10 (\OML/cmm/m/it/10 a[]; b[]\OT1/cmr/m/n/10 )$ 
 []


! LaTeX Error: Missing \begin{document}.

See the LaTeX manual or LaTeX Companion for explanation.
Type  H <return>  for immediate help.
 ...                                              
                                                  
l.6 ^^Iã€
          æ€è·¯ã€‘è´ªå¿ƒç­–ç•¥å¦‚ä¸‹ï¼š
You're in trouble here.  Try typing  <return>  to proceed.
If that doesn't work, type  X <return>  to quit.

Missing character: There is no ã€ in font nullfont!
Missing character: There is no æ€ in font nullfont!
Missing character: There is no è·¯ in font nullfont!
Missing character: There is no ã€‘ in font nullfont!
Missing character: There is no è´ª in font nullfont!
Missing character: There is no å¿ƒ in font nullfont!
Missing character: There is no ç­– in font nullfont!
Missing character: There is no ç•¥ in font nullfont!
Missing character: There is no å¦‚ in font nullfont!
Missing character: There is no ä¸‹ in font nullfont!
Missing character: There is no ï¼š in font nullfont!

Overfull \hbox (20.0pt too wide) in paragraph at lines 6--7
[] 
 []


! LaTeX Error: Missing \begin{document}.

See the LaTeX manual or LaTeX Companion for explanation.
Type  H <return>  for immediate help.
 ...                                              
                                                  
l.8 ^^I\begin{enumerate}
                        
You're in trouble here.  Try typing  <return>  to proceed.
If that doesn't work, type  X <return>  to quit.


Overfull \hbox (20.0pt too wide) in paragraph at lines 8--8
[] 
 []

Missing character: There is no æŒ‰ in font nullfont!
Missing character: There is no ä» in font nullfont!
Missing character: There is no å° in font nullfont!
Missing character: There is no åˆ° in font nullfont!
Missing character: There is no å¤§ in font nullfont!
Missing character: There is no çš„ in font nullfont!
Missing character: There is no é¡º in font nullfont!
Missing character: There is no åº in font nullfont!
Missing character: There is no æ’ in font nullfont!
Missing character: There is no åº in font nullfont!
Missing character: There is no ã€‚ in font nullfont!

Overfull \hbox (7.62094pt too wide) in paragraph at lines 9--10
\OML/cmm/m/it/10 b[]$ 
 []

Missing character: There is no åŠ¡ in font nullfont!
Missing character: There is no å¿… in font nullfont!
Missing character: There is no é€‰ in font nullfont!
Missing character: There is no æ‹© in font nullfont!
Missing character: There is no ç¬¬ in font nullfont!
Missing character: There is no ä¸€ in font nullfont!
Missing character: There is no ä¸ª in font nullfont!
Missing character: There is no åŒº in font nullfont!
Missing character: There is no é—´ in font nullfont!
Missing character: There is no ã€‚ in font nullfont!
Missing character: There is no ï¼ˆ in font nullfont!
Missing character: There is no åŸ in font nullfont!
Missing character: There is no å›  in font nullfont!
Missing character: There is no è§ in font nullfont!
Missing character: There is no å›¾ in font nullfont!
! Undefined control sequence.
<write> ...`fig:ch1_tx_qjsdwt_1' on page \thepage 
                                                  \space undefined\on@line .^^J
l.10 ...‚ï¼ˆåŸå› è§å›¾ \ref{fig:ch1_tx_qjsdwt_1}
                                                  ï¼‰
The control sequence at the end of the top line
of your error message was never \def'ed. If you have
misspelled it (e.g., `\hobx'), type `I' and the correct
spelling (e.g., `I\hbox'). Otherwise just continue,
and I'll forget about whatever was undefined.


LaTeX Warning: Reference `fig:ch1_tx_qjsdwt_1' on page  undefined on input line
 10.

Missing character: There is no ï¼‰ in font nullfont!

Overfull \hbox (10.86105pt too wide) in paragraph at lines 10--11
[] 
 []

Missing character: There is no ç»§ in font nullfont!
Missing character: There is no ç»­ in font nullfont!
Missing character: There is no ä» in font nullfont!
Missing character: There is no å‰ in font nullfont!
Missing character: There is no å‘ in font nullfont!
Missing character: There is no å in font nullfont!
Missing character: There is no é in font nullfont!
Missing character: There is no å† in font nullfont!
Missing character: There is no ã€‚ in font nullfont!
Missing character: There is no æ¯ in font nullfont!
Missing character: There is no å½“ in font nullfont!
Missing character: There is no é‡ in font nullfont!
Missing character: There is no åˆ° in font nullfont!
Missing character: There is no å¯ in font nullfont!
Missing character: There is no ä»¥ in font nullfont!
Missing character: There is no é€‰ in font nullfont!
Missing character: There is no æ‹© in font nullfont!
Missing character: There is no çš„ in font nullfont!
Missing character: There is no åŒº in font nullfont!
Missing character: There is no é—´ in font nullfont!
Missing character: There is no ï¼ˆ in font nullfont!
Missing character: There is no ä¸ in font nullfont!
Missing character: There is no ä¸Š in font nullfont!
Missing character: There is no ä¸€ in font nullfont!
Missing character: There is no åŒº in font nullfont!
Missing character: There is no é—´ in font nullfont!
Missing character: There is no æ²¡ in font nullfont!
Missing character: There is no æœ‰ in font nullfont!
Missing character: There is no å…¬ in font nullfont!
Missing character: There is no å…± in font nullfont!
Missing character: There is no ç‚¹ in font nullfont!
Missing character: There is no ï¼‰ in font nullfont!
Missing character: There is no ï¼Œ in font nullfont!
Missing character: There is no å°± in font nullfont!
Missing character: There is no é€‰ in font nullfont!
Missing character: There is no æ‹© in font nullfont!
Missing character: There is no å®ƒ in font nullfont!
Missing character: There is no ã€‚ in font nullfont!

! LaTeX Error: Environment figure undefined.

See the LaTeX manual or LaTeX Companion for explanation.
Type  H <return>  for immediate help.
 ...                                              
                                                  
l.14 ^^I\begin{figure}
                      [htb]
Your command was ignored.
Type  I <command> <return>  to replace it with another command,
or  <return>  to continue without it.

Missing character: There is no [ in font nullfont!
Missing character: There is no h in font nullfont!
Missing character: There is no t in font nullfont!
Missing character: There is no b in font nullfont!
Missing character: There is no ] in font nullfont!
! Undefined control sequence.
l.16 ^^I^^I\includegraphics
                           {ch1/figures/é€‰æ‹©ä¸ç›¸äº¤åŒºé—´.png}
The control sequence at the end of the top line
of your error message was never \def'ed. If you have
misspelled it (e.g., `\hobx'), type `I' and the correct
spelling (e.g., `I\hbox'). Otherwise just continue,
and I'll forget about whatever was undefined.

Missing character: There is no c in font nullfont!
Missing character: There is no h in font nullfont!
Missing character: There is no 1 in font nullfont!
Missing character: There is no / in font nullfont!
Missing character: There is no f in font nullfont!
Missing character: There is no i in font nullfont!
Missing character: There is no g in font nullfont!
Missing character: There is no u in font nullfont!
Missing character: There is no r in font nullfont!
Missing character: There is no e in font nullfont!
Missing character: There is no s in font nullfont!
Missing character: There is no / in font nullfont!
Missing character: There is no é€‰ in font nullfont!
Missing character: There is no æ‹© in font nullfont!
Missing character: There is no ä¸ in font nullfont!
Missing character: There is no ç›¸ in font nullfont!
Missing character: There is no äº¤ in font nullfont!
Missing character: There is no åŒº in font nullfont!
Missing character: There is no é—´ in font nullfont!
Missing character: There is no . in font nullfont!
Missing character: There is no p in font nullfont!
Missing character: There is no n in font nullfont!
Missing character: There is no g in font nullfont!

! LaTeX Error: \caption outside float.

See the LaTeX manual or LaTeX Companion for explanation.
Type  H <return>  for immediate help.
 ...                                              
                                                  
l.18 ^^I^^I\caption
                   {é€‰æ‹©ä¸ç›¸äº¤åŒºé—´ï¼šå¦‚å›¾æ‰€ç¤ºï¼Œä¸è®ºåŒºé—´ 1ã€...

You're in trouble here.  Try typing  <return>  to proceed.
If that doesn't work, type  X <return>  to quit.

Missing character: There is no é€‰ in font nullfont!
Missing character: There is no æ‹© in font nullfont!
Missing character: There is no ä¸ in font nullfont!
Missing character: There is no ç›¸ in font nullfont!
Missing character: There is no äº¤ in font nullfont!
Missing character: There is no åŒº in font nullfont!
Missing character: There is no é—´ in font nullfont!
Missing character: There is no ï¼š in font nullfont!
Missing character: There is no å¦‚ in font nullfont!
Missing character: There is no å›¾ in font nullfont!
Missing character: There is no æ‰€ in font nullfont!
Missing character: There is no ç¤º in font nullfont!
Missing character: There is no ï¼Œ in font nullfont!
Missing character: There is no ä¸ in font nullfont!
Missing character: There is no è®º in font nullfont!
Missing character: There is no åŒº in font nullfont!
Missing character: There is no é—´ in font nullfont!
Missing character: There is no 1 in font nullfont!
Missing character: There is no ã€ in font nullfont!
Missing character: There is no 2 in font nullfont!
Missing character: There is no çš„ in font nullfont!
Missing character: There is no ç›¸ in font nullfont!
Missing character: There is no å¯¹ in font nullfont!
Missing character: There is no ä½ in font nullfont!
Missing character: There is no ç½® in font nullfont!
Missing character: There is no å¦‚ in font nullfont!
Missing character: There is no ä½• in font nullfont!
Missing character: There is no ï¼Œ in font nullfont!
Missing character: There is no é€‰ in font nullfont!
Missing character: There is no æ‹© in font nullfont!
Missing character: There is no åŒº in font nullfont!
Missing character: There is no é—´ in font nullfont!
Missing character: There is no 1 in font nullfont!
Missing character: There is no éƒ½ in font nullfont!
Missing character: There is no ä¼š in font nullfont!
Missing character: There is no ä¸º in font nullfont!
Missing character: There is no ä»¥ in font nullfont!
Missing character: There is no å in font nullfont!
Missing character: There is no çš„ in font nullfont!
Missing character: There is no é€‰ in font nullfont!
Missing character: There is no æ‹© in font nullfont!
Missing character: There is no ç•™ in font nullfont!
Missing character: There is no ä¸‹ in font nullfont!
Missing character: There is no æ›´ in font nullfont!
Missing character: There is no å¤§ in font nullfont!
Missing character: There is no çš„ in font nullfont!
Missing character: There is no å‰© in font nullfont!
Missing character: There is no ä½™ in font nullfont!
Missing character: There is no ç©º in font nullfont!
Missing character: There is no é—´ in font nullfont!
Missing character: There is no ã€‚ in font nullfont!

! LaTeX Error: \begin{document} ended by \end{figure}.

See the LaTeX manual or LaTeX Companion for explanation.
Type  H <return>  for immediate help.
 ...                                              
                                                  
l.19 ^^I\end{figure}
                    
Your command was ignored.
Type  I <command> <return>  to replace it with another command,
or  <return>  to continue without it.


Overfull \hbox (20.0pt too wide) in paragraph at lines 14--20
[]
 []

! Undefined control sequence.
l.21 \subsubsection
                   {åŒºé—´é€‰ç‚¹é—®é¢˜}
The control sequence at the end of the top line
of your error message was never \def'ed. If you have
misspelled it (e.g., `\hobx'), type `I' and the correct
spelling (e.g., `I\hbox'). Otherwise just continue,
and I'll forget about whatever was undefined.

Missing character: There is no åŒº in font nullfont!
Missing character: There is no é—´ in font nullfont!
Missing character: There is no é€‰ in font nullfont!
Missing character: There is no ç‚¹ in font nullfont!
Missing character: There is no é—® in font nullfont!
Missing character: There is no é¢˜ in font nullfont!
Missing character: There is no ã€ in font nullfont!
Missing character: There is no é—® in font nullfont!
Missing character: There is no é¢˜ in font nullfont!
Missing character: There is no ã€‘ in font nullfont!
Missing character: There is no æ•° in font nullfont!
Missing character: There is no è½´ in font nullfont!
Missing character: There is no ä¸Š in font nullfont!
Missing character: There is no æœ‰ in font nullfont!
Missing character: There is no ä¸ª in font nullfont!
Missing character: There is no é—­ in font nullfont!
Missing character: There is no åŒº in font nullfont!
Missing character: There is no é—´ in font nullfont!
Missing character: There is no ã€‚ in font nullfont!
Missing character: There is no å– in font nullfont!
Missing character: There is no å°½ in font nullfont!
Missing character: There is no é‡ in font nullfont!
Missing character: There is no å°‘ in font nullfont!
Missing character: There is no çš„ in font nullfont!
Missing character: There is no ç‚¹ in font nullfont!
Missing character: There is no ï¼Œ in font nullfont!
Missing character: There is no ä½¿ in font nullfont!
Missing character: There is no å¾— in font nullfont!
Missing character: There is no æ¯ in font nullfont!
Missing character: There is no ä¸ª in font nullfont!
Missing character: There is no åŒº in font nullfont!
Missing character: There is no é—´ in font nullfont!
Missing character: There is no å†… in font nullfont!
Missing character: There is no éƒ½ in font nullfont!
Missing character: There is no è‡³ in font nullfont!
Missing character: There is no å°‘ in font nullfont!
Missing character: There is no æœ‰ in font nullfont!
Missing character: There is no ä¸€ in font nullfont!
Missing character: There is no ä¸ª in font nullfont!
Missing character: There is no ç‚¹ in font nullfont!
Missing character: There is no ï¼ˆ in font nullfont!
Missing character: There is no ä¸ in font nullfont!
Missing character: There is no åŒ in font nullfont!
Missing character: There is no åŒº in font nullfont!
Missing character: There is no é—´ in font nullfont!
Missing character: There is no å†… in font nullfont!
Missing character: There is no å« in font nullfont!
Missing character: There is no æœ‰ in font nullfont!
Missing character: There is no çš„ in font nullfont!
Missing character: There is no ç‚¹ in font nullfont!
Missing character: There is no å¯ in font nullfont!
Missing character: There is no ä»¥ in font nullfont!
Missing character: There is no æ˜¯ in font nullfont!
Missing character: There is no åŒ in font nullfont!
Missing character: There is no ä¸€ in font nullfont!
Missing character: There is no ä¸ª in font nullfont!
Missing character: There is no ï¼‰ in font nullfont!
Missing character: There is no ã€‚ in font nullfont!

Overfull \hbox (20.0pt too wide) in paragraph at lines 21--23
[]
 []


Overfull \hbox (6.00235pt too wide) in paragraph at lines 21--23
\OML/cmm/m/it/10 n$
 []


Overfull \hbox (26.2361pt too wide) in paragraph at lines 21--23
\OT1/cmr/m/n/10 [\OML/cmm/m/it/10 a[]; b[]\OT1/cmr/m/n/10 ]$ 
 []

Missing character: There is no ã€ in font nullfont!
Missing character: There is no æ€ in font nullfont!
Missing character: There is no è·¯ in font nullfont!
Missing character: There is no ã€‘ in font nullfont!
Missing character: There is no è´ª in font nullfont!
Missing character: There is no å¿ƒ in font nullfont!
Missing character: There is no ç­– in font nullfont!
Missing character: There is no ç•¥ in font nullfont!
Missing character: There is no å¦‚ in font nullfont!
Missing character: There is no ä¸‹ in font nullfont!
Missing character: There is no ï¼š in font nullfont!

Overfull \hbox (20.0pt too wide) in paragraph at lines 24--25
[] 
 []


Overfull \hbox (20.0pt too wide) in paragraph at lines 26--26
[] 
 []

Missing character: There is no æŠŠ in font nullfont!
Missing character: There is no æ‰€ in font nullfont!
Missing character: There is no æœ‰ in font nullfont!
Missing character: There is no åŒº in font nullfont!
Missing character: There is no é—´ in font nullfont!
Missing character: There is no æŒ‰ in font nullfont!
Missing character: There is no ä» in font nullfont!
Missing character: There is no å° in font nullfont!
Missing character: There is no åˆ° in font nullfont!
Missing character: There is no å¤§ in font nullfont!
Missing character: There is no æ’ in font nullfont!
Missing character: There is no åº in font nullfont!
Missing character: There is no ï¼ˆ in font nullfont!
Missing character: There is no ç›¸ in font nullfont!
Missing character: There is no åŒ in font nullfont!
Missing character: There is no æ—¶ in font nullfont!
Missing character: There is no ï¼Œ in font nullfont!
Missing character: There is no ä» in font nullfont!
Missing character: There is no å¤§ in font nullfont!
Missing character: There is no åˆ° in font nullfont!
Missing character: There is no å° in font nullfont!
Missing character: There is no æ’ in font nullfont!
Missing character: There is no åº in font nullfont!
! Undefined control sequence.
\@footnotetext ...tins {\reset@font \footnotesize 
                                                  \interlinepenalty \interfo...
l.27 ...¸­çš„ç‚¹ï¼Œè¿™æ ·å¤§åŒºé—´ä¸å¿…è€ƒè™‘ã€‚}
                                                  ï¼‰ã€‚
The control sequence at the end of the top line
of your error message was never \def'ed. If you have
misspelled it (e.g., `\hobx'), type `I' and the correct
spelling (e.g., `I\hbox'). Otherwise just continue,
and I'll forget about whatever was undefined.

! Undefined control sequence.
\@footnotetext ...}\color@begingroup \@makefntext 
                                                  {\rule \z@ \footnotesep \i...
l.27 ...¸­çš„ç‚¹ï¼Œè¿™æ ·å¤§åŒºé—´ä¸å¿…è€ƒè™‘ã€‚}
                                                  ï¼‰ã€‚
The control sequence at the end of the top line
of your error message was never \def'ed. If you have
misspelled it (e.g., `\hobx'), type `I' and the correct
spelling (e.g., `I\hbox'). Otherwise just continue,
and I'll forget about whatever was undefined.

Missing character: There is no è€ƒ in font cmr10!
Missing character: There is no è™‘ in font cmr10!
Missing character: There is no åŒº in font cmr10!
Missing character: There is no é—´ in font cmr10!
Missing character: There is no åŒ… in font cmr10!
Missing character: There is no å« in font cmr10!
Missing character: There is no çš„ in font cmr10!
Missing character: There is no æƒ… in font cmr10!
Missing character: There is no å†µ in font cmr10!
Missing character: There is no ï¼š in font cmr10!
Missing character: There is no å° in font cmr10!
Missing character: There is no åŒº in font cmr10!
Missing character: There is no é—´ in font cmr10!
Missing character: There is no è¢« in font cmr10!
Missing character: There is no æ»¡ in font cmr10!
Missing character: There is no è¶³ in font cmr10!
Missing character: There is no æ—¶ in font cmr10!
Missing character: There is no å¤§ in font cmr10!
Missing character: There is no åŒº in font cmr10!
Missing character: There is no é—´ in font cmr10!
Missing character: There is no ä¸€ in font cmr10!
Missing character: There is no å®š in font cmr10!
Missing character: There is no è¢« in font cmr10!
Missing character: There is no æ»¡ in font cmr10!
Missing character: There is no è¶³ in font cmr10!
Missing character: There is no ã€‚ in font cmr10!
Missing character: There is no æ‰€ in font cmr10!
Missing character: There is no ä»¥ in font cmr10!
Missing character: There is no æˆ‘ in font cmr10!
Missing character: There is no ä»¬ in font cmr10!
Missing character: There is no åº” in font cmr10!
Missing character: There is no å½“ in font cmr10!
Missing character: There is no ä¼˜ in font cmr10!
Missing character: There is no å…ˆ in font cmr10!
Missing character: There is no é€‰ in font cmr10!
Missing character: There is no å– in font cmr10!
Missing character: There is no å° in font cmr10!
Missing character: There is no åŒº in font cmr10!
Missing character: There is no é—´ in font cmr10!
Missing character: There is no ä¸­ in font cmr10!
Missing character: There is no çš„ in font cmr10!
Missing character: There is no ç‚¹ in font cmr10!
Missing character: There is no ï¼Œ in font cmr10!
Missing character: There is no è¿™ in font cmr10!
Missing character: There is no æ · in font cmr10!
Missing character: There is no å¤§ in font cmr10!
Missing character: There is no åŒº in font cmr10!
Missing character: There is no é—´ in font cmr10!
Missing character: There is no ä¸ in font cmr10!
Missing character: There is no å¿… in font cmr10!
Missing character: There is no è€ƒ in font cmr10!
Missing character: There is no è™‘ in font cmr10!
Missing character: There is no ã€‚ in font cmr10!
Missing character: There is no ï¼‰ in font nullfont!
Missing character: There is no ã€‚ in font nullfont!

Overfull \hbox (7.62094pt too wide) in paragraph at lines 27--28
\OML/cmm/m/it/10 b[]$
 []


Overfull \hbox (7.62094pt too wide) in paragraph at lines 27--28
\OML/cmm/m/it/10 b[]$
 []


Overfull \hbox (5.28589pt too wide) in paragraph at lines 27--28
\OML/cmm/m/it/10 a$
 []


Overfull \hbox (4.48613pt too wide) in paragraph at lines 27--28
[] 
 []

Missing character: There is no ç„¶ in font nullfont!
Missing character: There is no å in font nullfont!
Missing character: There is no ï¼Œ in font nullfont!
Missing character: There is no ä¸€ in font nullfont!
Missing character: There is no å®š in font nullfont!
Missing character: There is no å– in font nullfont!
Missing character: There is no ç¬¬ in font nullfont!
Missing character: There is no ä¸€ in font nullfont!
Missing character: There is no ä¸ª in font nullfont!
Missing character: There is no åŒº in font nullfont!
Missing character: There is no é—´ in font nullfont!
Missing character: There is no çš„ in font nullfont!
Missing character: There is no å³ in font nullfont!
Missing character: There is no ç«¯ in font nullfont!
Missing character: There is no ç‚¹ in font nullfont!
Missing character: There is no ã€‚ in font nullfont!
Missing character: There is no ï¼ˆ in font nullfont!
Missing character: There is no åŸ in font nullfont!
Missing character: There is no å›  in font nullfont!
Missing character: There is no è§ in font nullfont!
Missing character: There is no å›¾ in font nullfont!
! Undefined control sequence.
<write> ...`fig:ch1_tx_qjsdwt_2' on page \thepage 
                                                  \space undefined\on@line .^^J
l.28 ...‚ï¼ˆåŸå› è§å›¾ \ref{fig:ch1_tx_qjsdwt_2}
                                                  ï¼‰
The control sequence at the end of the top line
of your error message was never \def'ed. If you have
misspelled it (e.g., `\hobx'), type `I' and the correct
spelling (e.g., `I\hbox'). Otherwise just continue,
and I'll forget about whatever was undefined.


LaTeX Warning: Reference `fig:ch1_tx_qjsdwt_2' on page  undefined on input line
 28.

Missing character: There is no ï¼‰ in font nullfont!

Overfull \hbox (10.86105pt too wide) in paragraph at lines 28--29
[] 
 []

Missing character: There is no ç»§ in font nullfont!
Missing character: There is no ç»­ in font nullfont!
Missing character: There is no ä» in font nullfont!
Missing character: There is no å‰ in font nullfont!
Missing character: There is no å‘ in font nullfont!
Missing character: There is no å in font nullfont!
Missing character: There is no é in font nullfont!
Missing character: There is no å† in font nullfont!
Missing character: There is no ï¼Œ in font nullfont!
Missing character: There is no å½“ in font nullfont!
Missing character: There is no é‡ in font nullfont!
Missing character: There is no åˆ° in font nullfont!
Missing character: There is no è¦† in font nullfont!
Missing character: There is no ç›– in font nullfont!
Missing character: There is no ä¸ in font nullfont!
Missing character: There is no åˆ° in font nullfont!
Missing character: There is no çš„ in font nullfont!
Missing character: There is no åŒº in font nullfont!
Missing character: There is no é—´ in font nullfont!
Missing character: There is no æ—¶ in font nullfont!
Missing character: There is no ï¼Œ in font nullfont!
Missing character: There is no é€‰ in font nullfont!
Missing character: There is no å– in font nullfont!
Missing character: There is no è¿™ in font nullfont!
Missing character: There is no ä¸ª in font nullfont!
Missing character: There is no åŒº in font nullfont!
Missing character: There is no é—´ in font nullfont!
Missing character: There is no çš„ in font nullfont!
Missing character: There is no å³ in font nullfont!
Missing character: There is no ç«¯ in font nullfont!
Missing character: There is no ç‚¹ in font nullfont!
Missing character: There is no ã€‚ in font nullfont!

! LaTeX Error: Environment figure undefined.

See the LaTeX manual or LaTeX Companion for explanation.
Type  H <return>  for immediate help.
 ...                                              
                                                  
l.32 ^^I\begin{figure}
                      [htb]
Your command was ignored.
Type  I <command> <return>  to replace it with another command,
or  <return>  to continue without it.

Missing character: There is no [ in font nullfont!
Missing character: There is no h in font nullfont!
Missing character: There is no t in font nullfont!
Missing character: There is no b in font nullfont!
Missing character: There is no ] in font nullfont!
! Undefined control sequence.
l.34 ^^I^^I\includegraphics
                           {ch1/figures/åŒºé—´é€‰ç‚¹é—®é¢˜.png}
The control sequence at the end of the top line
of your error message was never \def'ed. If you have
misspelled it (e.g., `\hobx'), type `I' and the correct
spelling (e.g., `I\hbox'). Otherwise just continue,
and I'll forget about whatever was undefined.

Missing character: There is no c in font nullfont!
Missing character: There is no h in font nullfont!
Missing character: There is no 1 in font nullfont!
Missing character: There is no / in font nullfont!
Missing character: There is no f in font nullfont!
Missing character: There is no i in font nullfont!
Missing character: There is no g in font nullfont!
Missing character: There is no u in font nullfont!
Missing character: There is no r in font nullfont!
Missing character: There is no e in font nullfont!
Missing character: There is no s in font nullfont!
Missing character: There is no / in font nullfont!
Missing character: There is no åŒº in font nullfont!
Missing character: There is no é—´ in font nullfont!
Missing character: There is no é€‰ in font nullfont!
Missing character: There is no ç‚¹ in font nullfont!
Missing character: There is no é—® in font nullfont!
Missing character: There is no é¢˜ in font nullfont!
Missing character: There is no . in font nullfont!
Missing character: There is no p in font nullfont!
Missing character: There is no n in font nullfont!
Missing character: There is no g in font nullfont!

! LaTeX Error: \caption outside float.

See the LaTeX manual or LaTeX Companion for explanation.
Type  H <return>  for immediate help.
 ...                                              
                                                  
l.36 ^^I^^I\caption
                   {åŒºé—´é€‰ç‚¹é—®é¢˜ï¼šå¯¹äºç¬¬ 1 ä¸ªåŒºé—´æ¥è¯´ï¼Œæ˜¾ç„...

You're in trouble here.  Try typing  <return>  to proceed.
If that doesn't work, type  X <return>  to quit.

Missing character: There is no åŒº in font nullfont!
Missing character: There is no é—´ in font nullfont!
Missing character: There is no é€‰ in font nullfont!
Missing character: There is no ç‚¹ in font nullfont!
Missing character: There is no é—® in font nullfont!
Missing character: There is no é¢˜ in font nullfont!
Missing character: There is no ï¼š in font nullfont!
Missing character: There is no å¯¹ in font nullfont!
Missing character: There is no äº in font nullfont!
Missing character: There is no ç¬¬ in font nullfont!
Missing character: There is no 1 in font nullfont!
Missing character: There is no ä¸ª in font nullfont!
Missing character: There is no åŒº in font nullfont!
Missing character: There is no é—´ in font nullfont!
Missing character: There is no æ¥ in font nullfont!
Missing character: There is no è¯´ in font nullfont!
Missing character: There is no ï¼Œ in font nullfont!
Missing character: There is no æ˜¾ in font nullfont!
Missing character: There is no ç„¶ in font nullfont!
Missing character: There is no ï¼Œ in font nullfont!
Missing character: There is no é€‰ in font nullfont!
Missing character: There is no æ‹© in font nullfont!
Missing character: There is no å®ƒ in font nullfont!
Missing character: There is no çš„ in font nullfont!
Missing character: There is no å³ in font nullfont!
Missing character: There is no ç«¯ in font nullfont!
Missing character: There is no ç‚¹ in font nullfont!
Missing character: There is no æ˜¯ in font nullfont!
Missing character: There is no æ˜ in font nullfont!
Missing character: There is no æ™º in font nullfont!
Missing character: There is no çš„ in font nullfont!
Missing character: There is no ã€‚ in font nullfont!
Missing character: There is no å›  in font nullfont!
Missing character: There is no ä¸º in font nullfont!
Missing character: There is no å®ƒ in font nullfont!
Missing character: There is no æ¯” in font nullfont!
Missing character: There is no å‰ in font nullfont!
Missing character: There is no é¢ in font nullfont!
Missing character: There is no çš„ in font nullfont!
Missing character: There is no ç‚¹ in font nullfont!
Missing character: There is no èƒ½ in font nullfont!
Missing character: There is no è¦† in font nullfont!
Missing character: There is no ç›– in font nullfont!
Missing character: There is no æ›´ in font nullfont!
Missing character: There is no å¤§ in font nullfont!
Missing character: There is no çš„ in font nullfont!
Missing character: There is no èŒƒ in font nullfont!
Missing character: There is no å›´ in font nullfont!
Missing character: There is no ã€‚ in font nullfont!

! LaTeX Error: \begin{document} ended by \end{figure}.

See the LaTeX manual or LaTeX Companion for explanation.
Type  H <return>  for immediate help.
 ...                                              
                                                  
l.37 ^^I\end{figure}
                    
Your command was ignored.
Type  I <command> <return>  to replace it with another command,
or  <return>  to continue without it.


Overfull \hbox (20.0pt too wide) in paragraph at lines 32--38
[]
 []

! Undefined control sequence.
l.39 \subsubsection
                   {åŒºé—´è¦†ç›–é—®é¢˜}
The control sequence at the end of the top line
of your error message was never \def'ed. If you have
misspelled it (e.g., `\hobx'), type `I' and the correct
spelling (e.g., `I\hbox'). Otherwise just continue,
and I'll forget about whatever was undefined.

Missing character: There is no åŒº in font nullfont!
Missing character: There is no é—´ in font nullfont!
Missing character: There is no è¦† in font nullfont!
Missing character: There is no ç›– in font nullfont!
Missing character: There is no é—® in font nullfont!
Missing character: There is no é¢˜ in font nullfont!
Missing character: There is no ã€ in font nullfont!
Missing character: There is no é—® in font nullfont!
Missing character: There is no é¢˜ in font nullfont!
Missing character: There is no ã€‘ in font nullfont!
Missing character: There is no æ•° in font nullfont!
Missing character: There is no è½´ in font nullfont!
Missing character: There is no ä¸Š in font nullfont!
Missing character: There is no æœ‰ in font nullfont!
Missing character: There is no ä¸ª in font nullfont!
Missing character: There is no é—­ in font nullfont!
Missing character: There is no åŒº in font nullfont!
Missing character: There is no é—´ in font nullfont!
Missing character: There is no ã€‚ in font nullfont!
Missing character: There is no é€‰ in font nullfont!
Missing character: There is no æ‹© in font nullfont!
Missing character: There is no å°½ in font nullfont!
Missing character: There is no é‡ in font nullfont!
Missing character: There is no å°‘ in font nullfont!
Missing character: There is no çš„ in font nullfont!
Missing character: There is no åŒº in font nullfont!
Missing character: There is no é—´ in font nullfont!
Missing character: There is no æ¥ in font nullfont!
Missing character: There is no è¦† in font nullfont!
Missing character: There is no ç›– in font nullfont!
Missing character: There is no æŒ‡ in font nullfont!
Missing character: There is no å®š in font nullfont!
Missing character: There is no çº¿ in font nullfont!
Missing character: There is no æ®µ in font nullfont!
Missing character: There is no ã€‚ in font nullfont!

Overfull \hbox (20.0pt too wide) in paragraph at lines 39--41
[]
 []


Overfull \hbox (6.00235pt too wide) in paragraph at lines 39--41
\OML/cmm/m/it/10 n$
 []


Overfull \hbox (26.2361pt too wide) in paragraph at lines 39--41
\OT1/cmr/m/n/10 [\OML/cmm/m/it/10 a[]; b[]\OT1/cmr/m/n/10 ]$
 []


Overfull \hbox (18.2986pt too wide) in paragraph at lines 39--41
\OT1/cmr/m/n/10 [\OML/cmm/m/it/10 s; t\OT1/cmr/m/n/10 ]$ 
 []

Missing character: There is no ã€ in font nullfont!
Missing character: There is no æ€ in font nullfont!
Missing character: There is no è·¯ in font nullfont!
Missing character: There is no ã€‘ in font nullfont!
Missing character: There is no è´ª in font nullfont!
Missing character: There is no å¿ƒ in font nullfont!
Missing character: There is no ç­– in font nullfont!
Missing character: There is no ç•¥ in font nullfont!
Missing character: There is no å¦‚ in font nullfont!
Missing character: There is no ä¸‹ in font nullfont!
Missing character: There is no ï¼š in font nullfont!

Overfull \hbox (20.0pt too wide) in paragraph at lines 42--43
[] 
 []


Overfull \hbox (20.0pt too wide) in paragraph at lines 44--44
[] 
 []

Missing character: There is no é¢„ in font nullfont!
Missing character: There is no å¤„ in font nullfont!
Missing character: There is no ç† in font nullfont!
Missing character: There is no ï¼Œ in font nullfont!
Missing character: There is no æ‰” in font nullfont!
Missing character: There is no æ‰ in font nullfont!
Missing character: There is no ä¸ in font nullfont!
Missing character: There is no èƒ½ in font nullfont!
Missing character: There is no è¦† in font nullfont!
Missing character: There is no ç›– in font nullfont!
Missing character: There is no çš„ in font nullfont!
Missing character: There is no åŒº in font nullfont!
Missing character: There is no é—´ in font nullfont!
Missing character: There is no ã€‚ in font nullfont!
Missing character: There is no å¦‚ in font nullfont!
Missing character: There is no æœ in font nullfont!
Missing character: There is no åŒº in font nullfont!
Missing character: There is no é—´ in font nullfont!
Missing character: There is no è¾¹ in font nullfont!
Missing character: There is no ç•Œ in font nullfont!
Missing character: There is no è¶… in font nullfont!
Missing character: There is no è¿‡ in font nullfont!
Missing character: There is no äº† in font nullfont!
Missing character: There is no ï¼Œ in font nullfont!
Missing character: There is no å°± in font nullfont!
Missing character: There is no æŠŠ in font nullfont!
Missing character: There is no å®ƒ in font nullfont!
Missing character: There is no å˜ in font nullfont!
Missing character: There is no æˆ in font nullfont!
Missing character: There is no æˆ– in font nullfont!
Missing character: There is no ï¼Œ in font nullfont!
Missing character: There is no ä»¥ in font nullfont!
Missing character: There is no å… in font nullfont!
Missing character: There is no å½± in font nullfont!
Missing character: There is no å“ in font nullfont!
Missing character: There is no å in font nullfont!
Missing character: There is no é¢ in font nullfont!
Missing character: There is no çš„ in font nullfont!
Missing character: There is no å¤„ in font nullfont!
Missing character: There is no ç† in font nullfont!
Missing character: There is no ã€‚ in font nullfont!

Overfull \hbox (18.2986pt too wide) in paragraph at lines 45--46
\OT1/cmr/m/n/10 [\OML/cmm/m/it/10 s; t\OT1/cmr/m/n/10 ]$
 []


Overfull \hbox (18.2986pt too wide) in paragraph at lines 45--46
\OT1/cmr/m/n/10 [\OML/cmm/m/it/10 s; t\OT1/cmr/m/n/10 ]$
 []


Overfull \hbox (4.6875pt too wide) in paragraph at lines 45--46
\OML/cmm/m/it/10 s$
 []


Overfull \hbox (3.61111pt too wide) in paragraph at lines 45--46
\OML/cmm/m/it/10 t$ 
 []

Missing character: There is no æŠŠ in font nullfont!
Missing character: There is no å„ in font nullfont!
Missing character: There is no åŒº in font nullfont!
Missing character: There is no é—´ in font nullfont!
Missing character: There is no æŒ‰ in font nullfont!
Missing character: There is no ä» in font nullfont!
Missing character: There is no å° in font nullfont!
Missing character: There is no åˆ° in font nullfont!
Missing character: There is no å¤§ in font nullfont!
Missing character: There is no æ’ in font nullfont!
Missing character: There is no åº in font nullfont!
Missing character: There is no ã€‚ in font nullfont!
Missing character: There is no å¦‚ in font nullfont!
Missing character: There is no æœ in font nullfont!
Missing character: There is no åŒº in font nullfont!
Missing character: There is no é—´ in font nullfont!
Missing character: There is no 1 in font nullfont!
Missing character: There is no çš„ in font nullfont!
Missing character: There is no èµ· in font nullfont!
Missing character: There is no ç‚¹ in font nullfont!
Missing character: There is no ä¸ in font nullfont!
Missing character: There is no æ˜¯ in font nullfont!
Missing character: There is no ï¼Œ in font nullfont!
Missing character: There is no æ—  in font nullfont!
Missing character: There is no è§£ in font nullfont!
Missing character: There is no ï¼Œ in font nullfont!
Missing character: There is no å¦ in font nullfont!
Missing character: There is no åˆ™ in font nullfont!
Missing character: There is no é€‰ in font nullfont!
Missing character: There is no æ‹© in font nullfont!
Missing character: There is no èµ· in font nullfont!
Missing character: There is no ç‚¹ in font nullfont!
Missing character: There is no åœ¨ in font nullfont!
Missing character: There is no çš„ in font nullfont!
Missing character: There is no æœ€ in font nullfont!
Missing character: There is no é•¿ in font nullfont!
Missing character: There is no åŒº in font nullfont!
Missing character: There is no é—´ in font nullfont!
Missing character: There is no ã€‚ in font nullfont!

Overfull \hbox (5.28589pt too wide) in paragraph at lines 46--47
\OML/cmm/m/it/10 a$
 []


Overfull \hbox (4.6875pt too wide) in paragraph at lines 46--47
\OML/cmm/m/it/10 s$
 []


Overfull \hbox (4.6875pt too wide) in paragraph at lines 46--47
\OML/cmm/m/it/10 s$ 
 []

Missing character: There is no é€‰ in font nullfont!
Missing character: There is no æ‹© in font nullfont!
Missing character: There is no æ­¤ in font nullfont!
Missing character: There is no åŒº in font nullfont!
Missing character: There is no é—´ in font nullfont!
Missing character: There is no å in font nullfont!
Missing character: There is no ï¼Œ in font nullfont!
Missing character: There is no é—® in font nullfont!
Missing character: There is no é¢˜ in font nullfont!
Missing character: There is no å°± in font nullfont!
Missing character: There is no è½¬ in font nullfont!
Missing character: There is no åŒ– in font nullfont!
Missing character: There is no æˆ in font nullfont!
Missing character: There is no äº† in font nullfont!
Missing character: There is no èµ· in font nullfont!
Missing character: There is no ç‚¹ in font nullfont!
Missing character: There is no ä¸º in font nullfont!
Missing character: There is no çš„ in font nullfont!
Missing character: There is no åŒº in font nullfont!
Missing character: There is no é—´ in font nullfont!
Missing character: There is no ã€‚ in font nullfont!
Missing character: There is no ç»§ in font nullfont!
Missing character: There is no ç»­ in font nullfont!
Missing character: There is no é€‰ in font nullfont!
Missing character: There is no æ‹© in font nullfont!
Missing character: There is no ï¼Œ in font nullfont!
Missing character: There is no ç›´ in font nullfont!
Missing character: There is no åˆ° in font nullfont!
Missing character: There is no æ‰¾ in font nullfont!
Missing character: There is no ä¸ in font nullfont!
Missing character: There is no åˆ° in font nullfont!
Missing character: There is no åŒº in font nullfont!
Missing character: There is no é—´ in font nullfont!
Missing character: There is no è¦† in font nullfont!
Missing character: There is no ç›– in font nullfont!
Missing character: There is no å½“ in font nullfont!
Missing character: There is no å‰ in font nullfont!
Missing character: There is no èµ· in font nullfont!
Missing character: There is no ç‚¹ in font nullfont!
Missing character: There is no ï¼Œ in font nullfont!
Missing character: There is no æˆ– in font nullfont!
Missing character: There is no è€… in font nullfont!
Missing character: There is no å·² in font nullfont!
Missing character: There is no ç» in font nullfont!
Missing character: There is no åˆ° in font nullfont!
Missing character: There is no è¾¾ in font nullfont!
Missing character: There is no çº¿ in font nullfont!
Missing character: There is no æ®µ in font nullfont!
Missing character: There is no æœ« in font nullfont!
Missing character: There is no ç«¯ in font nullfont!
Missing character: There is no ã€‚ in font nullfont!

Overfull \hbox (26.46779pt too wide) in paragraph at lines 47--48
\OT1/cmr/m/n/10 [\OML/cmm/m/it/10 ai; bi\OT1/cmr/m/n/10 ]$
 []


Overfull \hbox (7.62094pt too wide) in paragraph at lines 47--48
\OML/cmm/m/it/10 b[]$
 []


Overfull \hbox (21.23204pt too wide) in paragraph at lines 47--48
\OT1/cmr/m/n/10 [\OML/cmm/m/it/10 b[]; t\OT1/cmr/m/n/10 ]$
 []


Overfull \hbox (7.62094pt too wide) in paragraph at lines 47--48
\OML/cmm/m/it/10 b[]$ 
 []

)
! Emergency stop.
<*> åŒºé—´ä¸Šçš„é—®é¢˜.tex
                          
*** (job aborted, no legal \end found)

 
Here is how much of TeX's memory you used:
 15 strings out of 493724
 164 string characters out of 6145898
 55043 words of memory out of 5000000
 3442 multiletter control sequences out of 15000+600000
 3948 words of font info for 15 fonts, out of 8000000 for 9000
 1328 hyphenation exceptions out of 8191
 18i,5n,14p,142b,152s stack positions out of 5000i,500n,10000p,200000b,80000s
No pages of output.
